0 verbose cli /opt/homebrew/Cellar/node/25.9.0/bin/node /opt/homebrew/bin/npm
1 info using npm@11.12.1
2 info using node@v25.9.0
3 silly config load:file:/opt/homebrew/lib/node_modules/npm/npmrc
4 silly config load:file:/Users/macbookairm1/Documents/uzm/.npmrc
5 silly config load:file:/Users/macbookairm1/.npmrc
6 silly config load:file:/opt/homebrew/etc/npmrc
7 verbose title npm install @lottiefiles/dotlottie-react
8 verbose argv "install" "@lottiefiles/dotlottie-react" "--cache" "./.npm-cache" "--prefer-offline" "--no-audit" "--no-fund"
9 verbose logfile logs-max:10 dir:/Users/macbookairm1/Documents/uzm/.npm-cache/_logs/2026-04-18T15_56_14_372Z-
10 verbose logfile /Users/macbookairm1/Documents/uzm/.npm-cache/_logs/2026-04-18T15_56_14_372Z-debug-0.log
11 silly logfile done cleaning log files
12 silly packumentCache heap:2348810240 maxSize:587202560 maxEntrySize:293601280
13 silly idealTree buildDeps
14 silly fetch manifest @lottiefiles/dotlottie-react@*
15 silly packumentCache full:https://registry.npmjs.org/@lottiefiles%2fdotlottie-react cache-miss
16 http fetch GET 200 https://registry.npmjs.org/@lottiefiles%2fdotlottie-react 1320ms (cache miss)
17 silly packumentCache full:https://registry.npmjs.org/@lottiefiles%2fdotlottie-react set size:undefined disposed:false
18 silly fetch manifest react@19.2.3
19 silly packumentCache full:https://registry.npmjs.org/react cache-miss
20 http fetch GET 200 https://registry.npmjs.org/npm 1965ms
21 http fetch GET 200 https://registry.npmjs.org/react 1556ms (cache miss)
22 silly packumentCache full:https://registry.npmjs.org/react set size:undefined disposed:false
23 silly placeDep ROOT @lottiefiles/dotlottie-react@0.19.0 OK for: uzm@0.1.0 want: *
24 silly fetch manifest @lottiefiles/dotlottie-web@0.71.0
25 silly packumentCache full:https://registry.npmjs.org/@lottiefiles%2fdotlottie-web cache-miss
26 http fetch GET 200 https://registry.npmjs.org/@lottiefiles%2fdotlottie-web 1166ms (cache miss)
27 silly packumentCache full:https://registry.npmjs.org/@lottiefiles%2fdotlottie-web set size:undefined disposed:false
28 silly placeDep ROOT @lottiefiles/dotlottie-web@0.71.0 OK for: @lottiefiles/dotlottie-react@0.19.0 want: 0.71.0
29 silly reify mark retired [
29 silly reify   '/Users/macbookairm1/Documents/uzm/node_modules/next-intl/node_modules/@swc/helpers'
29 silly reify ]
30 silly reify moves {
30 silly reify   '/Users/macbookairm1/Documents/uzm/node_modules/next-intl/node_modules/@swc/helpers': '/Users/macbookairm1/Documents/uzm/node_modules/next-intl/node_modules/@swc/.helpers-25yJJSYk'
30 silly reify }
31 http cache @lottiefiles/dotlottie-web@https://registry.npmjs.org/@lottiefiles/dotlottie-web/-/dotlottie-web-0.71.0.tgz 0ms (cache hit)
32 http cache @lottiefiles/dotlottie-react@https://registry.npmjs.org/@lottiefiles/dotlottie-react/-/dotlottie-react-0.19.0.tgz 0ms (cache hit)
33 silly tarball no local data for @lottiefiles/dotlottie-web@https://registry.npmjs.org/@lottiefiles/dotlottie-web/-/dotlottie-web-0.71.0.tgz. Extracting by manifest.
34 silly tarball no local data for @lottiefiles/dotlottie-react@https://registry.npmjs.org/@lottiefiles/dotlottie-react/-/dotlottie-react-0.19.0.tgz. Extracting by manifest.
35 http fetch GET 200 https://registry.npmjs.org/@lottiefiles/dotlottie-react/-/dotlottie-react-0.19.0.tgz 407ms (cache miss)
36 http fetch GET 200 https://registry.npmjs.org/@lottiefiles/dotlottie-web/-/dotlottie-web-0.71.0.tgz 3622ms (cache miss)
37 silly ADD node_modules/@lottiefiles/dotlottie-web
38 silly ADD node_modules/@lottiefiles/dotlottie-react
39 silly REMOVE node_modules/next-intl/node_modules/@swc/helpers
40 verbose cwd /Users/macbookairm1/Documents/uzm
41 verbose os Darwin 25.4.0
42 verbose node v25.9.0
43 verbose npm  v11.12.1
44 verbose exit 0
45 info ok
